2019-05-05 17:05:00 DEBUG RegistrationServlet:29 - User with name sergey was registered
2019-05-05 17:13:15 DEBUG RegistrationServlet:34 - User with name sergey was registered
2019-05-05 17:14:52 DEBUG RegistrationServlet:34 - User with name sergey was registered
2019-05-05 17:19:58 DEBUG RegistrationServlet:34 - User with name user was registered
2019-05-05 17:26:15 DEBUG RegistrationServlet:34 - User with name foot was registered
2019-05-05 17:28:27 DEBUG RegistrationServlet:34 - User with name sergey was registered
2019-05-05 17:30:05 DEBUG RegistrationServlet:34 - User with name ho was registered
2019-05-05 17:33:14 DEBUG RegistrationServlet:34 - User with name user was registered
2019-05-05 17:35:00 DEBUG RegistrationServlet:34 - User with name yui was registered
2019-05-05 20:06:50 DEBUG UserDao:91 - SELECT * FROM madb.user WHERE name =?
2019-05-05 20:07:54 DEBUG UserDao:91 - SELECT * FROM madb.user WHERE name =?
2019-05-05 20:08:09 DEBUG UserDao:91 - SELECT * FROM madb.user WHERE name =?
2019-05-05 20:08:18 DEBUG UserDao:91 - SELECT * FROM madb.user WHERE name =?
2019-05-05 20:08:50 DEBUG UserDao:91 - SELECT * FROM madb.user WHERE name =?
2019-05-05 20:09:19 DEBUG UserDao:91 - SELECT * FROM madb.user WHERE name =?
2019-05-05 20:10:55 DEBUG UserDao:91 - SELECT * FROM madb.user WHERE name =?
2019-05-05 20:15:52 DEBUG UserDao:91 - SELECT * FROM madb.user WHERE name =?
2019-05-05 20:17:48 DEBUG UserDao:91 - SELECT * FROM madb.user WHERE name =?
2019-05-05 20:17:58 ERROR UserDao:26 - Can't add user by name
java.sql.SQLSyntaxErrorException: You have an error in your SQL syntax; check the manual that corresponds to your MySQL server version for the right syntax to use near '?,?)' at line 1
	at com.mysql.cj.jdbc.exceptions.SQLError.createSQLException(SQLError.java:120)
	at com.mysql.cj.jdbc.exceptions.SQLError.createSQLException(SQLError.java:97)
	at com.mysql.cj.jdbc.exceptions.SQLExceptionsMapping.translateException(SQLExceptionsMapping.java:122)
	at com.mysql.cj.jdbc.StatementImpl.executeUpdateInternal(StatementImpl.java:1355)
	at com.mysql.cj.jdbc.StatementImpl.executeLargeUpdate(StatementImpl.java:2128)
	at com.mysql.cj.jdbc.StatementImpl.executeUpdate(StatementImpl.java:1264)
	at dao.UserDao.addUser(UserDao.java:22)
	at servlet.RegistrationServlet.doPost(RegistrationServlet.java:33)
	at javax.servlet.http.HttpServlet.service(HttpServlet.java:660)
	at javax.servlet.http.HttpServlet.service(HttpServlet.java:741)
	at org.apache.catalina.core.ApplicationFilterChain.internalDoFilter(ApplicationFilterChain.java:231)
	at org.apache.catalina.core.ApplicationFilterChain.doFilter(ApplicationFilterChain.java:166)
	at org.apache.tomcat.websocket.server.WsFilter.doFilter(WsFilter.java:53)
	at org.apache.catalina.core.ApplicationFilterChain.internalDoFilter(ApplicationFilterChain.java:193)
	at org.apache.catalina.core.ApplicationFilterChain.doFilter(ApplicationFilterChain.java:166)
	at org.apache.catalina.core.StandardWrapperValve.invoke(StandardWrapperValve.java:200)
	at org.apache.catalina.core.StandardContextValve.invoke(StandardContextValve.java:96)
	at org.apache.catalina.authenticator.AuthenticatorBase.invoke(AuthenticatorBase.java:490)
	at org.apache.catalina.core.StandardHostValve.invoke(StandardHostValve.java:139)
	at org.apache.catalina.valves.ErrorReportValve.invoke(ErrorReportValve.java:92)
	at org.apache.catalina.valves.AbstractAccessLogValve.invoke(AbstractAccessLogValve.java:678)
	at org.apache.catalina.core.StandardEngineValve.invoke(StandardEngineValve.java:74)
	at org.apache.catalina.connector.CoyoteAdapter.service(CoyoteAdapter.java:343)
	at org.apache.coyote.http11.Http11Processor.service(Http11Processor.java:408)
	at org.apache.coyote.AbstractProcessorLight.process(AbstractProcessorLight.java:66)
	at org.apache.coyote.AbstractProtocol$ConnectionHandler.process(AbstractProtocol.java:836)
	at org.apache.tomcat.util.net.NioEndpoint$SocketProcessor.doRun(NioEndpoint.java:1747)
	at org.apache.tomcat.util.net.SocketProcessorBase.run(SocketProcessorBase.java:49)
	at java.util.concurrent.ThreadPoolExecutor.runWorker(ThreadPoolExecutor.java:1149)
	at java.util.concurrent.ThreadPoolExecutor$Worker.run(ThreadPoolExecutor.java:624)
	at org.apache.tomcat.util.threads.TaskThread$WrappingRunnable.run(TaskThread.java:61)
	at java.lang.Thread.run(Thread.java:748)
2019-05-05 20:17:58 ERROR RegistrationServlet:38 - Can't add user in database, zero rows changes after sql query
2019-05-05 20:18:06 DEBUG UserDao:91 - SELECT * FROM madb.user WHERE name =?
2019-05-05 20:18:06 DEBUG LoginServlet:34 - User with id 3 logged in system
2019-05-05 20:18:35 DEBUG UserDao:91 - SELECT * FROM madb.user WHERE name =?
2019-05-05 20:18:45 DEBUG UserDao:91 - SELECT * FROM madb.user WHERE name =?
2019-05-05 20:19:03 DEBUG UserDao:91 - SELECT * FROM madb.user WHERE name =?
2019-05-05 20:20:22 DEBUG UserDao:91 - SELECT * FROM madb.user WHERE name =?
2019-05-05 20:26:40 DEBUG UserDao:91 - SELECT * FROM madb.user WHERE name = ?;
2019-05-05 20:34:40 DEBUG UserDao:91 - SELECT * FROM madb.user WHERE name = ?;
2019-05-05 20:34:40 DEBUG LoginServlet:34 - User with id 3 logged in system
2019-05-05 20:34:52 DEBUG UserDao:91 - SELECT * FROM madb.user WHERE name = ?;
2019-05-05 21:39:29 DEBUG UserDao:91 - SELECT * FROM madb.user WHERE name = ?;
2019-05-05 21:39:29 DEBUG LoginServlet:34 - User with id 3 logged in system
2019-05-05 21:39:40 DEBUG UserDao:91 - SELECT * FROM madb.user WHERE name = ?;
2019-05-05 21:40:29 DEBUG UserDao:91 - SELECT * FROM madb.user WHERE name = ?;
2019-05-05 21:40:54 ERROR UserDao:26 - Can't add user by name
java.sql.SQLSyntaxErrorException: You have an error in your SQL syntax; check the manual that corresponds to your MySQL server version for the right syntax to use near '?,?)' at line 1
	at com.mysql.cj.jdbc.exceptions.SQLError.createSQLException(SQLError.java:120)
	at com.mysql.cj.jdbc.exceptions.SQLError.createSQLException(SQLError.java:97)
	at com.mysql.cj.jdbc.exceptions.SQLExceptionsMapping.translateException(SQLExceptionsMapping.java:122)
	at com.mysql.cj.jdbc.StatementImpl.executeUpdateInternal(StatementImpl.java:1355)
	at com.mysql.cj.jdbc.StatementImpl.executeLargeUpdate(StatementImpl.java:2128)
	at com.mysql.cj.jdbc.StatementImpl.executeUpdate(StatementImpl.java:1264)
	at dao.UserDao.addUser(UserDao.java:22)
	at servlet.RegistrationServlet.doPost(RegistrationServlet.java:33)
	at javax.servlet.http.HttpServlet.service(HttpServlet.java:660)
	at javax.servlet.http.HttpServlet.service(HttpServlet.java:741)
	at org.apache.catalina.core.ApplicationFilterChain.internalDoFilter(ApplicationFilterChain.java:231)
	at org.apache.catalina.core.ApplicationFilterChain.doFilter(ApplicationFilterChain.java:166)
	at org.apache.tomcat.websocket.server.WsFilter.doFilter(WsFilter.java:53)
	at org.apache.catalina.core.ApplicationFilterChain.internalDoFilter(ApplicationFilterChain.java:193)
	at org.apache.catalina.core.ApplicationFilterChain.doFilter(ApplicationFilterChain.java:166)
	at org.apache.catalina.core.StandardWrapperValve.invoke(StandardWrapperValve.java:200)
	at org.apache.catalina.core.StandardContextValve.invoke(StandardContextValve.java:96)
	at org.apache.catalina.authenticator.AuthenticatorBase.invoke(AuthenticatorBase.java:490)
	at org.apache.catalina.core.StandardHostValve.invoke(StandardHostValve.java:139)
	at org.apache.catalina.valves.ErrorReportValve.invoke(ErrorReportValve.java:92)
	at org.apache.catalina.valves.AbstractAccessLogValve.invoke(AbstractAccessLogValve.java:678)
	at org.apache.catalina.core.StandardEngineValve.invoke(StandardEngineValve.java:74)
	at org.apache.catalina.connector.CoyoteAdapter.service(CoyoteAdapter.java:343)
	at org.apache.coyote.http11.Http11Processor.service(Http11Processor.java:408)
	at org.apache.coyote.AbstractProcessorLight.process(AbstractProcessorLight.java:66)
	at org.apache.coyote.AbstractProtocol$ConnectionHandler.process(AbstractProtocol.java:836)
	at org.apache.tomcat.util.net.NioEndpoint$SocketProcessor.doRun(NioEndpoint.java:1747)
	at org.apache.tomcat.util.net.SocketProcessorBase.run(SocketProcessorBase.java:49)
	at java.util.concurrent.ThreadPoolExecutor.runWorker(ThreadPoolExecutor.java:1149)
	at java.util.concurrent.ThreadPoolExecutor$Worker.run(ThreadPoolExecutor.java:624)
	at org.apache.tomcat.util.threads.TaskThread$WrappingRunnable.run(TaskThread.java:61)
	at java.lang.Thread.run(Thread.java:748)
2019-05-05 21:40:54 ERROR RegistrationServlet:38 - Can't add user in database, zero rows changes after sql query
2019-05-05 21:41:09 DEBUG UserDao:91 - SELECT * FROM madb.user WHERE name = ?;
2019-05-05 21:43:35 DEBUG UserDao:92 - SELECT * FROM madb.user WHERE name = ?;
2019-05-05 21:43:53 ERROR UserDao:26 - Can't add user by name
java.sql.SQLSyntaxErrorException: You have an error in your SQL syntax; check the manual that corresponds to your MySQL server version for the right syntax to use near '?,?)' at line 1
	at com.mysql.cj.jdbc.exceptions.SQLError.createSQLException(SQLError.java:120)
	at com.mysql.cj.jdbc.exceptions.SQLError.createSQLException(SQLError.java:97)
	at com.mysql.cj.jdbc.exceptions.SQLExceptionsMapping.translateException(SQLExceptionsMapping.java:122)
	at com.mysql.cj.jdbc.StatementImpl.executeUpdateInternal(StatementImpl.java:1355)
	at com.mysql.cj.jdbc.StatementImpl.executeLargeUpdate(StatementImpl.java:2128)
	at com.mysql.cj.jdbc.StatementImpl.executeUpdate(StatementImpl.java:1264)
	at dao.UserDao.addUser(UserDao.java:22)
	at servlet.RegistrationServlet.doPost(RegistrationServlet.java:33)
	at javax.servlet.http.HttpServlet.service(HttpServlet.java:660)
	at javax.servlet.http.HttpServlet.service(HttpServlet.java:741)
	at org.apache.catalina.core.ApplicationFilterChain.internalDoFilter(ApplicationFilterChain.java:231)
	at org.apache.catalina.core.ApplicationFilterChain.doFilter(ApplicationFilterChain.java:166)
	at org.apache.tomcat.websocket.server.WsFilter.doFilter(WsFilter.java:53)
	at org.apache.catalina.core.ApplicationFilterChain.internalDoFilter(ApplicationFilterChain.java:193)
	at org.apache.catalina.core.ApplicationFilterChain.doFilter(ApplicationFilterChain.java:166)
	at org.apache.catalina.core.StandardWrapperValve.invoke(StandardWrapperValve.java:200)
	at org.apache.catalina.core.StandardContextValve.invoke(StandardContextValve.java:96)
	at org.apache.catalina.authenticator.AuthenticatorBase.invoke(AuthenticatorBase.java:490)
	at org.apache.catalina.core.StandardHostValve.invoke(StandardHostValve.java:139)
	at org.apache.catalina.valves.ErrorReportValve.invoke(ErrorReportValve.java:92)
	at org.apache.catalina.valves.AbstractAccessLogValve.invoke(AbstractAccessLogValve.java:678)
	at org.apache.catalina.core.StandardEngineValve.invoke(StandardEngineValve.java:74)
	at org.apache.catalina.connector.CoyoteAdapter.service(CoyoteAdapter.java:343)
	at org.apache.coyote.http11.Http11Processor.service(Http11Processor.java:408)
	at org.apache.coyote.AbstractProcessorLight.process(AbstractProcessorLight.java:66)
	at org.apache.coyote.AbstractProtocol$ConnectionHandler.process(AbstractProtocol.java:836)
	at org.apache.tomcat.util.net.NioEndpoint$SocketProcessor.doRun(NioEndpoint.java:1747)
	at org.apache.tomcat.util.net.SocketProcessorBase.run(SocketProcessorBase.java:49)
	at java.util.concurrent.ThreadPoolExecutor.runWorker(ThreadPoolExecutor.java:1149)
	at java.util.concurrent.ThreadPoolExecutor$Worker.run(ThreadPoolExecutor.java:624)
	at org.apache.tomcat.util.threads.TaskThread$WrappingRunnable.run(TaskThread.java:61)
	at java.lang.Thread.run(Thread.java:748)
2019-05-05 21:43:53 ERROR RegistrationServlet:38 - Can't add user in database, zero rows changes after sql query
2019-05-05 21:44:13 DEBUG UserDao:92 - SELECT * FROM madb.user WHERE name = ?;
2019-05-05 21:58:48 DEBUG UserDao:91 - SELECT * FROM madb.user WHERE name = ?;
2019-05-05 21:58:58 ERROR UserDao:25 - Can't add user by name
java.sql.SQLSyntaxErrorException: You have an error in your SQL syntax; check the manual that corresponds to your MySQL server version for the right syntax to use near '?, ?)' at line 1
	at com.mysql.cj.jdbc.exceptions.SQLError.createSQLException(SQLError.java:120)
	at com.mysql.cj.jdbc.exceptions.SQLError.createSQLException(SQLError.java:97)
	at com.mysql.cj.jdbc.exceptions.SQLExceptionsMapping.translateException(SQLExceptionsMapping.java:122)
	at com.mysql.cj.jdbc.StatementImpl.executeUpdateInternal(StatementImpl.java:1355)
	at com.mysql.cj.jdbc.StatementImpl.executeLargeUpdate(StatementImpl.java:2128)
	at com.mysql.cj.jdbc.StatementImpl.executeUpdate(StatementImpl.java:1264)
	at dao.UserDao.addUser(UserDao.java:21)
	at servlet.RegistrationServlet.doPost(RegistrationServlet.java:33)
	at javax.servlet.http.HttpServlet.service(HttpServlet.java:660)
	at javax.servlet.http.HttpServlet.service(HttpServlet.java:741)
	at org.apache.catalina.core.ApplicationFilterChain.internalDoFilter(ApplicationFilterChain.java:231)
	at org.apache.catalina.core.ApplicationFilterChain.doFilter(ApplicationFilterChain.java:166)
	at org.apache.tomcat.websocket.server.WsFilter.doFilter(WsFilter.java:53)
	at org.apache.catalina.core.ApplicationFilterChain.internalDoFilter(ApplicationFilterChain.java:193)
	at org.apache.catalina.core.ApplicationFilterChain.doFilter(ApplicationFilterChain.java:166)
	at org.apache.catalina.core.StandardWrapperValve.invoke(StandardWrapperValve.java:200)
	at org.apache.catalina.core.StandardContextValve.invoke(StandardContextValve.java:96)
	at org.apache.catalina.authenticator.AuthenticatorBase.invoke(AuthenticatorBase.java:490)
	at org.apache.catalina.core.StandardHostValve.invoke(StandardHostValve.java:139)
	at org.apache.catalina.valves.ErrorReportValve.invoke(ErrorReportValve.java:92)
	at org.apache.catalina.valves.AbstractAccessLogValve.invoke(AbstractAccessLogValve.java:678)
	at org.apache.catalina.core.StandardEngineValve.invoke(StandardEngineValve.java:74)
	at org.apache.catalina.connector.CoyoteAdapter.service(CoyoteAdapter.java:343)
	at org.apache.coyote.http11.Http11Processor.service(Http11Processor.java:408)
	at org.apache.coyote.AbstractProcessorLight.process(AbstractProcessorLight.java:66)
	at org.apache.coyote.AbstractProtocol$ConnectionHandler.process(AbstractProtocol.java:836)
	at org.apache.tomcat.util.net.NioEndpoint$SocketProcessor.doRun(NioEndpoint.java:1747)
	at org.apache.tomcat.util.net.SocketProcessorBase.run(SocketProcessorBase.java:49)
	at java.util.concurrent.ThreadPoolExecutor.runWorker(ThreadPoolExecutor.java:1149)
	at java.util.concurrent.ThreadPoolExecutor$Worker.run(ThreadPoolExecutor.java:624)
	at org.apache.tomcat.util.threads.TaskThread$WrappingRunnable.run(TaskThread.java:61)
	at java.lang.Thread.run(Thread.java:748)
2019-05-05 21:58:58 ERROR RegistrationServlet:41 - Can't add user in database, zero rows changes after sql query
2019-05-05 21:59:52 ERROR UserDao:25 - Can't add user by name
java.sql.SQLSyntaxErrorException: You have an error in your SQL syntax; check the manual that corresponds to your MySQL server version for the right syntax to use near '?, ?)' at line 1
	at com.mysql.cj.jdbc.exceptions.SQLError.createSQLException(SQLError.java:120)
	at com.mysql.cj.jdbc.exceptions.SQLError.createSQLException(SQLError.java:97)
	at com.mysql.cj.jdbc.exceptions.SQLExceptionsMapping.translateException(SQLExceptionsMapping.java:122)
	at com.mysql.cj.jdbc.StatementImpl.executeUpdateInternal(StatementImpl.java:1355)
	at com.mysql.cj.jdbc.StatementImpl.executeLargeUpdate(StatementImpl.java:2128)
	at com.mysql.cj.jdbc.StatementImpl.executeUpdate(StatementImpl.java:1264)
	at dao.UserDao.addUser(UserDao.java:21)
	at servlet.RegistrationServlet.doPost(RegistrationServlet.java:33)
	at javax.servlet.http.HttpServlet.service(HttpServlet.java:660)
	at javax.servlet.http.HttpServlet.service(HttpServlet.java:741)
	at org.apache.catalina.core.ApplicationFilterChain.internalDoFilter(ApplicationFilterChain.java:231)
	at org.apache.catalina.core.ApplicationFilterChain.doFilter(ApplicationFilterChain.java:166)
	at org.apache.tomcat.websocket.server.WsFilter.doFilter(WsFilter.java:53)
	at org.apache.catalina.core.ApplicationFilterChain.internalDoFilter(ApplicationFilterChain.java:193)
	at org.apache.catalina.core.ApplicationFilterChain.doFilter(ApplicationFilterChain.java:166)
	at org.apache.catalina.core.StandardWrapperValve.invoke(StandardWrapperValve.java:200)
	at org.apache.catalina.core.StandardContextValve.invoke(StandardContextValve.java:96)
	at org.apache.catalina.authenticator.AuthenticatorBase.invoke(AuthenticatorBase.java:490)
	at org.apache.catalina.core.StandardHostValve.invoke(StandardHostValve.java:139)
	at org.apache.catalina.valves.ErrorReportValve.invoke(ErrorReportValve.java:92)
	at org.apache.catalina.valves.AbstractAccessLogValve.invoke(AbstractAccessLogValve.java:678)
	at org.apache.catalina.core.StandardEngineValve.invoke(StandardEngineValve.java:74)
	at org.apache.catalina.connector.CoyoteAdapter.service(CoyoteAdapter.java:343)
	at org.apache.coyote.http11.Http11Processor.service(Http11Processor.java:408)
	at org.apache.coyote.AbstractProcessorLight.process(AbstractProcessorLight.java:66)
	at org.apache.coyote.AbstractProtocol$ConnectionHandler.process(AbstractProtocol.java:836)
	at org.apache.tomcat.util.net.NioEndpoint$SocketProcessor.doRun(NioEndpoint.java:1747)
	at org.apache.tomcat.util.net.SocketProcessorBase.run(SocketProcessorBase.java:49)
	at java.util.concurrent.ThreadPoolExecutor.runWorker(ThreadPoolExecutor.java:1149)
	at java.util.concurrent.ThreadPoolExecutor$Worker.run(ThreadPoolExecutor.java:624)
	at org.apache.tomcat.util.threads.TaskThread$WrappingRunnable.run(TaskThread.java:61)
	at java.lang.Thread.run(Thread.java:748)
2019-05-05 21:59:52 ERROR RegistrationServlet:41 - Can't add user in database, zero rows changes after sql query
2019-05-05 22:00:08 DEBUG UserDao:91 - SELECT * FROM madb.user WHERE name = ?;
2019-05-05 22:00:15 DEBUG UserDao:91 - SELECT * FROM madb.user WHERE name = ?;
2019-05-05 22:00:30 DEBUG UserDao:91 - SELECT * FROM madb.user WHERE name = ?;
2019-05-05 22:01:03 DEBUG UserDao:91 - SELECT * FROM madb.user WHERE name = ?;
2019-05-05 22:01:36 DEBUG UserDao:91 - SELECT * FROM madb.user WHERE name = ?;
2019-05-05 22:01:36 DEBUG LoginServlet:33 - User with id 3 logged in system
2019-05-05 22:02:01 DEBUG UserDao:91 - SELECT * FROM madb.user WHERE name = ?;
2019-05-05 22:02:01 DEBUG LoginServlet:33 - User with id 10 logged in system
2019-05-05 22:02:16 DEBUG UserDao:91 - SELECT * FROM madb.user WHERE name = ?;
2019-05-05 22:05:40 DEBUG UserDao:91 - SELECT * FROM madb.user WHERE name = ?;
2019-05-05 22:06:29 ERROR UserDao:25 - Can't add user by name
java.sql.SQLSyntaxErrorException: You have an error in your SQL syntax; check the manual that corresponds to your MySQL server version for the right syntax to use near '?, ?)' at line 1
	at com.mysql.cj.jdbc.exceptions.SQLError.createSQLException(SQLError.java:120)
	at com.mysql.cj.jdbc.exceptions.SQLError.createSQLException(SQLError.java:97)
	at com.mysql.cj.jdbc.exceptions.SQLExceptionsMapping.translateException(SQLExceptionsMapping.java:122)
	at com.mysql.cj.jdbc.StatementImpl.executeUpdateInternal(StatementImpl.java:1355)
	at com.mysql.cj.jdbc.StatementImpl.executeLargeUpdate(StatementImpl.java:2128)
	at com.mysql.cj.jdbc.StatementImpl.executeUpdate(StatementImpl.java:1264)
	at dao.UserDao.addUser(UserDao.java:21)
	at servlet.RegistrationServlet.doPost(RegistrationServlet.java:33)
	at javax.servlet.http.HttpServlet.service(HttpServlet.java:660)
	at javax.servlet.http.HttpServlet.service(HttpServlet.java:741)
	at org.apache.catalina.core.ApplicationFilterChain.internalDoFilter(ApplicationFilterChain.java:231)
	at org.apache.catalina.core.ApplicationFilterChain.doFilter(ApplicationFilterChain.java:166)
	at org.apache.tomcat.websocket.server.WsFilter.doFilter(WsFilter.java:53)
	at org.apache.catalina.core.ApplicationFilterChain.internalDoFilter(ApplicationFilterChain.java:193)
	at org.apache.catalina.core.ApplicationFilterChain.doFilter(ApplicationFilterChain.java:166)
	at org.apache.catalina.core.StandardWrapperValve.invoke(StandardWrapperValve.java:200)
	at org.apache.catalina.core.StandardContextValve.invoke(StandardContextValve.java:96)
	at org.apache.catalina.authenticator.AuthenticatorBase.invoke(AuthenticatorBase.java:490)
	at org.apache.catalina.core.StandardHostValve.invoke(StandardHostValve.java:139)
	at org.apache.catalina.valves.ErrorReportValve.invoke(ErrorReportValve.java:92)
	at org.apache.catalina.valves.AbstractAccessLogValve.invoke(AbstractAccessLogValve.java:678)
	at org.apache.catalina.core.StandardEngineValve.invoke(StandardEngineValve.java:74)
	at org.apache.catalina.connector.CoyoteAdapter.service(CoyoteAdapter.java:343)
	at org.apache.coyote.http11.Http11Processor.service(Http11Processor.java:408)
	at org.apache.coyote.AbstractProcessorLight.process(AbstractProcessorLight.java:66)
	at org.apache.coyote.AbstractProtocol$ConnectionHandler.process(AbstractProtocol.java:836)
	at org.apache.tomcat.util.net.NioEndpoint$SocketProcessor.doRun(NioEndpoint.java:1747)
	at org.apache.tomcat.util.net.SocketProcessorBase.run(SocketProcessorBase.java:49)
	at java.util.concurrent.ThreadPoolExecutor.runWorker(ThreadPoolExecutor.java:1149)
	at java.util.concurrent.ThreadPoolExecutor$Worker.run(ThreadPoolExecutor.java:624)
	at org.apache.tomcat.util.threads.TaskThread$WrappingRunnable.run(TaskThread.java:61)
	at java.lang.Thread.run(Thread.java:748)
2019-05-05 22:06:29 ERROR RegistrationServlet:41 - Can't add user in database, zero rows changes after sql query
2019-05-05 22:07:38 ERROR UserDao:25 - Can't add user by name
java.sql.SQLSyntaxErrorException: You have an error in your SQL syntax; check the manual that corresponds to your MySQL server version for the right syntax to use near '?, ?)' at line 1
	at com.mysql.cj.jdbc.exceptions.SQLError.createSQLException(SQLError.java:120)
	at com.mysql.cj.jdbc.exceptions.SQLError.createSQLException(SQLError.java:97)
	at com.mysql.cj.jdbc.exceptions.SQLExceptionsMapping.translateException(SQLExceptionsMapping.java:122)
	at com.mysql.cj.jdbc.StatementImpl.executeUpdateInternal(StatementImpl.java:1355)
	at com.mysql.cj.jdbc.StatementImpl.executeLargeUpdate(StatementImpl.java:2128)
	at com.mysql.cj.jdbc.StatementImpl.executeUpdate(StatementImpl.java:1264)
	at dao.UserDao.addUser(UserDao.java:21)
	at servlet.RegistrationServlet.doPost(RegistrationServlet.java:33)
	at javax.servlet.http.HttpServlet.service(HttpServlet.java:660)
	at javax.servlet.http.HttpServlet.service(HttpServlet.java:741)
	at org.apache.catalina.core.ApplicationFilterChain.internalDoFilter(ApplicationFilterChain.java:231)
	at org.apache.catalina.core.ApplicationFilterChain.doFilter(ApplicationFilterChain.java:166)
	at org.apache.tomcat.websocket.server.WsFilter.doFilter(WsFilter.java:53)
	at org.apache.catalina.core.ApplicationFilterChain.internalDoFilter(ApplicationFilterChain.java:193)
	at org.apache.catalina.core.ApplicationFilterChain.doFilter(ApplicationFilterChain.java:166)
	at org.apache.catalina.core.StandardWrapperValve.invoke(StandardWrapperValve.java:200)
	at org.apache.catalina.core.StandardContextValve.invoke(StandardContextValve.java:96)
	at org.apache.catalina.authenticator.AuthenticatorBase.invoke(AuthenticatorBase.java:490)
	at org.apache.catalina.core.StandardHostValve.invoke(StandardHostValve.java:139)
	at org.apache.catalina.valves.ErrorReportValve.invoke(ErrorReportValve.java:92)
	at org.apache.catalina.valves.AbstractAccessLogValve.invoke(AbstractAccessLogValve.java:678)
	at org.apache.catalina.core.StandardEngineValve.invoke(StandardEngineValve.java:74)
	at org.apache.catalina.connector.CoyoteAdapter.service(CoyoteAdapter.java:343)
	at org.apache.coyote.http11.Http11Processor.service(Http11Processor.java:408)
	at org.apache.coyote.AbstractProcessorLight.process(AbstractProcessorLight.java:66)
	at org.apache.coyote.AbstractProtocol$ConnectionHandler.process(AbstractProtocol.java:836)
	at org.apache.tomcat.util.net.NioEndpoint$SocketProcessor.doRun(NioEndpoint.java:1747)
	at org.apache.tomcat.util.net.SocketProcessorBase.run(SocketProcessorBase.java:49)
	at java.util.concurrent.ThreadPoolExecutor.runWorker(ThreadPoolExecutor.java:1149)
	at java.util.concurrent.ThreadPoolExecutor$Worker.run(ThreadPoolExecutor.java:624)
	at org.apache.tomcat.util.threads.TaskThread$WrappingRunnable.run(TaskThread.java:61)
	at java.lang.Thread.run(Thread.java:748)
2019-05-05 22:07:38 ERROR RegistrationServlet:41 - Can't add user in database, zero rows changes after sql query
2019-05-05 22:17:48 ERROR UserDao:25 - Can't add user by name
java.sql.SQLSyntaxErrorException: You have an error in your SQL syntax; check the manual that corresponds to your MySQL server version for the right syntax to use near '?, ?)' at line 1
	at com.mysql.cj.jdbc.exceptions.SQLError.createSQLException(SQLError.java:120)
	at com.mysql.cj.jdbc.exceptions.SQLError.createSQLException(SQLError.java:97)
	at com.mysql.cj.jdbc.exceptions.SQLExceptionsMapping.translateException(SQLExceptionsMapping.java:122)
	at com.mysql.cj.jdbc.StatementImpl.executeUpdateInternal(StatementImpl.java:1355)
	at com.mysql.cj.jdbc.StatementImpl.executeLargeUpdate(StatementImpl.java:2128)
	at com.mysql.cj.jdbc.StatementImpl.executeUpdate(StatementImpl.java:1264)
	at dao.UserDao.addUser(UserDao.java:21)
	at Main.main(Main.java:18)
2019-05-05 22:21:16 ERROR UserDao:27 - Can't add user by name
java.sql.SQLSyntaxErrorException: You have an error in your SQL syntax; check the manual that corresponds to your MySQL server version for the right syntax to use near '?, ?)' at line 1
	at com.mysql.cj.jdbc.exceptions.SQLError.createSQLException(SQLError.java:120)
	at com.mysql.cj.jdbc.exceptions.SQLError.createSQLException(SQLError.java:97)
	at com.mysql.cj.jdbc.exceptions.SQLExceptionsMapping.translateException(SQLExceptionsMapping.java:122)
	at com.mysql.cj.jdbc.StatementImpl.executeUpdateInternal(StatementImpl.java:1355)
	at com.mysql.cj.jdbc.StatementImpl.executeLargeUpdate(StatementImpl.java:2128)
	at com.mysql.cj.jdbc.StatementImpl.executeUpdate(StatementImpl.java:1264)
	at dao.UserDao.addUser(UserDao.java:23)
	at Main.main(Main.java:18)
2019-05-05 22:24:08 DEBUG UserDao:40 - INSERT INTO madb.user(name, password) VALUES ('AAA','111');
2019-05-05 22:29:29 DEBUG UserDao:40 - INSERT INTO madb.user(name, password) VALUES ('AAA','111');
2019-05-05 22:30:41 DEBUG UserDao:94 - SELECT * FROM madb.user WHERE name = ?;
2019-05-05 22:31:33 DEBUG UserDao:94 - SELECT * FROM madb.user WHERE name = ?;
2019-05-05 22:33:41 DEBUG UserDao:94 - SELECT * FROM madb.user WHERE name = ?;
2019-05-05 22:36:18 DEBUG UserDao:94 - SELECT * FROM madb.user WHERE name = ?;
2019-05-05 22:39:45 DEBUG UserDao:40 - INSERT INTO madb.user(name, password) VALUES ('AAA','111');
2019-05-05 22:40:13 DEBUG UserDao:40 - INSERT INTO madb.user(name, password) VALUES ('AAA','111');
2019-05-05 22:40:46 DEBUG UserDao:97 - SELECT * FROM madb.user WHERE name = ?;
2019-05-05 22:40:56 DEBUG UserDao:40 - INSERT INTO madb.user(name, password) VALUES ('lola','123');
2019-05-05 22:40:56 DEBUG RegistrationServlet:39 - User with name lola was registered
2019-05-05 22:41:05 DEBUG UserDao:97 - SELECT * FROM madb.user WHERE name = ?;
2019-05-05 22:41:05 DEBUG LoginServlet:33 - User with id 31 logged in system
2019-05-05 22:41:18 DEBUG UserDao:97 - SELECT * FROM madb.user WHERE name = ?;
2019-05-05 22:41:26 DEBUG UserDao:97 - SELECT * FROM madb.user WHERE name = ?;
2019-05-05 22:41:26 DEBUG LoginServlet:33 - User with id 31 logged in system
2019-05-05 22:43:42 DEBUG UserDao:97 - SELECT * FROM madb.user WHERE name = ?;
2019-05-05 22:43:42 DEBUG LoginServlet:33 - User with id 31 logged in system
2019-05-05 23:39:35 DEBUG UserDao:97 - SELECT * FROM madb.user WHERE name = ?;
2019-05-05 23:39:35 DEBUG LoginServlet:33 - User with id 31 logged in system
2019-05-05 23:39:38 DEBUG UserDao:97 - SELECT * FROM madb.user WHERE name = ?;
2019-05-05 23:39:38 DEBUG LoginServlet:33 - User with id 31 logged in system
2019-05-05 23:39:40 DEBUG UserDao:97 - SELECT * FROM madb.user WHERE name = ?;
2019-05-05 23:39:40 DEBUG LoginServlet:33 - User with id 31 logged in system
2019-05-06 00:50:40 ERROR UserDao:28 - Can't add user by name
java.sql.SQLSyntaxErrorException: You have an error in your SQL syntax; check the manual that corresponds to your MySQL server version for the right syntax to use near '?, ?, ?)' at line 1
	at com.mysql.cj.jdbc.exceptions.SQLError.createSQLException(SQLError.java:120)
	at com.mysql.cj.jdbc.exceptions.SQLError.createSQLException(SQLError.java:97)
	at com.mysql.cj.jdbc.exceptions.SQLExceptionsMapping.translateException(SQLExceptionsMapping.java:122)
	at com.mysql.cj.jdbc.StatementImpl.executeUpdateInternal(StatementImpl.java:1355)
	at com.mysql.cj.jdbc.StatementImpl.executeLargeUpdate(StatementImpl.java:2128)
	at com.mysql.cj.jdbc.StatementImpl.executeUpdate(StatementImpl.java:1264)
	at dao.UserDao.addUser2(UserDao.java:24)
	at Main.main(Main.java:18)
2019-05-06 00:53:57 ERROR UserDao:28 - Can't add user by name
java.sql.SQLSyntaxErrorException: You have an error in your SQL syntax; check the manual that corresponds to your MySQL server version for the right syntax to use near '?, ?, ?)' at line 1
	at com.mysql.cj.jdbc.exceptions.SQLError.createSQLException(SQLError.java:120)
	at com.mysql.cj.jdbc.exceptions.SQLError.createSQLException(SQLError.java:97)
	at com.mysql.cj.jdbc.exceptions.SQLExceptionsMapping.translateException(SQLExceptionsMapping.java:122)
	at com.mysql.cj.jdbc.StatementImpl.executeUpdateInternal(StatementImpl.java:1355)
	at com.mysql.cj.jdbc.StatementImpl.executeLargeUpdate(StatementImpl.java:2128)
	at com.mysql.cj.jdbc.StatementImpl.executeUpdate(StatementImpl.java:1264)
	at dao.UserDao.addUser2(UserDao.java:24)
	at Main.main(Main.java:18)
2019-05-06 00:54:33 ERROR UserDao:28 - Can't add user by name
java.sql.SQLSyntaxErrorException: You have an error in your SQL syntax; check the manual that corresponds to your MySQL server version for the right syntax to use near '?, ?, ?)' at line 1
	at com.mysql.cj.jdbc.exceptions.SQLError.createSQLException(SQLError.java:120)
	at com.mysql.cj.jdbc.exceptions.SQLError.createSQLException(SQLError.java:97)
	at com.mysql.cj.jdbc.exceptions.SQLExceptionsMapping.translateException(SQLExceptionsMapping.java:122)
	at com.mysql.cj.jdbc.StatementImpl.executeUpdateInternal(StatementImpl.java:1355)
	at com.mysql.cj.jdbc.StatementImpl.executeLargeUpdate(StatementImpl.java:2128)
	at com.mysql.cj.jdbc.StatementImpl.executeUpdate(StatementImpl.java:1264)
	at dao.UserDao.addUser2(UserDao.java:24)
	at Main.main(Main.java:18)
2019-05-06 01:09:55 DEBUG UserDao:99 - SELECT * FROM madb.user WHERE name = ?;
2019-05-06 01:10:54 DEBUG UserDao:99 - SELECT * FROM madb.user WHERE name = ?;
2019-05-06 01:11:07 DEBUG UserDao:42 - INSERT INTO madb.user(name, password, role) VALUES ('ava','1234','user');
2019-05-06 01:11:07 DEBUG RegistrationServlet:40 - User with name ava was registered
2019-05-06 01:11:15 DEBUG UserDao:99 - SELECT * FROM madb.user WHERE name = ?;
2019-05-06 01:16:02 DEBUG UserDao:99 - SELECT * FROM madb.user WHERE name = ?;
2019-05-06 01:16:53 DEBUG UserDao:99 - SELECT * FROM madb.user WHERE name = ?;
2019-05-06 01:18:07 DEBUG UserDao:99 - SELECT * FROM madb.user WHERE name = ?;
2019-05-06 01:20:53 DEBUG UserDao:99 - SELECT * FROM madb.user WHERE name = ?;
2019-05-06 01:20:53 DEBUG LoginServlet:38 - User with id 1 logged in system like admin
2019-05-06 01:21:21 DEBUG UserDao:99 - SELECT * FROM madb.user WHERE name = ?;
2019-05-06 01:21:36 DEBUG UserDao:99 - SELECT * FROM madb.user WHERE name = ?;
2019-05-06 01:21:52 DEBUG UserDao:99 - SELECT * FROM madb.user WHERE name = ?;
2019-05-06 01:21:52 DEBUG LoginServlet:38 - User with id 2 logged in system like admin
2019-05-06 01:24:14 DEBUG UserDao:42 - INSERT INTO madb.user(name, password, role) VALUES ('vova','123','user');
2019-05-06 01:24:42 DEBUG UserDao:99 - SELECT * FROM madb.user WHERE name = ?;
2019-05-06 01:24:42 DEBUG LoginServlet:35 - User with id 33 logged in system like user
2019-05-06 01:24:56 DEBUG UserDao:99 - SELECT * FROM madb.user WHERE name = ?;
2019-05-06 01:24:56 DEBUG LoginServlet:38 - User with id 2 logged in system like admin
2019-05-06 01:25:06 DEBUG UserDao:99 - SELECT * FROM madb.user WHERE name = ?;
2019-05-06 01:25:06 DEBUG LoginServlet:38 - User with id 1 logged in system like admin
2019-05-06 01:25:13 DEBUG UserDao:99 - SELECT * FROM madb.user WHERE name = ?;
2019-05-06 01:25:53 DEBUG UserDao:42 - INSERT INTO madb.user(name, password, role) VALUES ('sasha','123','user');
2019-05-06 01:27:21 DEBUG UserDao:99 - SELECT * FROM madb.user WHERE name = ?;
2019-05-06 01:27:21 DEBUG LoginServlet:38 - User with id 2 logged in system like admin
2019-05-06 01:27:34 DEBUG UserDao:99 - SELECT * FROM madb.user WHERE name = ?;
2019-05-06 01:27:34 DEBUG LoginServlet:35 - User with id 33 logged in system like user
2019-05-06 01:27:43 DEBUG UserDao:99 - SELECT * FROM madb.user WHERE name = ?;
2019-05-06 01:27:43 DEBUG LoginServlet:35 - User with id 34 logged in system like user
2019-05-06 01:27:49 DEBUG UserDao:99 - SELECT * FROM madb.user WHERE name = ?;
2019-05-06 01:28:10 DEBUG UserDao:99 - SELECT * FROM madb.user WHERE name = ?;
2019-05-06 01:28:10 DEBUG LoginServlet:38 - User with id 1 logged in system like admin
2019-05-06 01:28:40 DEBUG UserDao:42 - INSERT INTO madb.user(name, password, role) VALUES ('sasha','123','user');
2019-05-06 01:29:35 DEBUG UserDao:99 - SELECT * FROM madb.user WHERE name = ?;
2019-05-06 01:29:35 DEBUG LoginServlet:38 - User with id 1 logged in system like admin
2019-05-06 01:34:16 DEBUG UserDao:99 - SELECT * FROM madb.user WHERE name = ?;
2019-05-06 01:34:16 DEBUG LoginServlet:38 - User with id 1 logged in system like admin
2019-05-06 01:35:51 DEBUG UserDao:99 - SELECT * FROM madb.user WHERE name = ?;
2019-05-06 01:35:51 DEBUG LoginServlet:35 - User with id 1 logged in system like user
2019-05-06 01:45:36 DEBUG UserDao:99 - SELECT * FROM madb.user WHERE name = ?;
2019-05-06 01:45:36 DEBUG LoginServlet:35 - User with id 1 logged in system like user
2019-05-06 01:47:18 DEBUG UserDao:99 - SELECT * FROM madb.user WHERE name = ?;
2019-05-06 01:47:18 DEBUG LoginServlet:35 - User with id 1 logged in system like user
2019-05-06 01:50:20 DEBUG UserDao:99 - SELECT * FROM madb.user WHERE name = ?;
2019-05-06 01:50:20 DEBUG LoginServlet:35 - User with id 1 logged in system like user
2019-05-06 01:51:18 DEBUG UserDao:42 - INSERT INTO madb.user(name, password, role) VALUES ('sergey','666','user');
2019-05-06 01:51:18 DEBUG RegistrationServlet:40 - User with name sergey was registered
2019-05-06 01:51:26 DEBUG UserDao:99 - SELECT * FROM madb.user WHERE name = ?;
2019-05-06 01:51:26 DEBUG LoginServlet:35 - User with id 36 logged in system like user
2019-05-06 10:40:20 DEBUG UserDao:99 - SELECT * FROM madb.user WHERE name = ?;
2019-05-06 10:40:20 DEBUG LoginServlet:38 - User with id 2 logged in system like admin
2019-05-06 12:19:24 DEBUG UserDao:99 - SELECT * FROM madb.user WHERE name = ?;
2019-05-06 12:19:24 DEBUG LoginServlet:40 - User with id 2 logged in system like admin
2019-05-06 12:19:35 DEBUG UserDao:99 - SELECT * FROM madb.user WHERE name = ?;
2019-05-06 12:19:35 DEBUG LoginServlet:37 - User with id 1 logged in system like user
2019-05-06 12:50:29 DEBUG UserDao:99 - SELECT * FROM madb.user WHERE name = ?;
2019-05-06 12:50:29 DEBUG LoginServlet:40 - User with id 2 logged in system like admin
